Performing C SOURCE FILE Test CMAKE_HAVE_LIBC_PTHREAD failed with the following output:
Change Dir: /home/giacomo/Scrivania/prototipo/cmake-build-debug/CMakeFiles/CMakeTmp

Run Build Command(s):/usr/bin/make cmTC_afbff/fast && /usr/bin/make -f CMakeFiles/cmTC_afbff.dir/build.make CMakeFiles/cmTC_afbff.dir/build
make[1]: ingresso nella directory «/home/giacomo/Scrivania/prototipo/cmake-build-debug/CMakeFiles/CMakeTmp»
Building C object CMakeFiles/cmTC_afbff.dir/src.c.o
/usr/bin/cc   -DCMAKE_HAVE_LIBC_PTHREAD   -o CMakeFiles/cmTC_afbff.dir/src.c.o   -c /home/giacomo/Scrivania/prototipo/cmake-build-debug/CMakeFiles/CMakeTmp/src.c
Linking C executable cmTC_afbff
/home/giacomo/Scrivania/clion-2019.2.4/bin/cmake/linux/bin/cmake -E cmake_link_script CMakeFiles/cmTC_afbff.dir/link.txt --verbose=1
/usr/bin/cc  -DCMAKE_HAVE_LIBC_PTHREAD    CMakeFiles/cmTC_afbff.dir/src.c.o  -o cmTC_afbff 
/usr/bin/ld: CMakeFiles/cmTC_afbff.dir/src.c.o: in function `main':
src.c:(.text+0x3e): undefined reference to `pthread_create'
/usr/bin/ld: src.c:(.text+0x4a): undefined reference to `pthread_detach'
/usr/bin/ld: src.c:(.text+0x5b): undefined reference to `pthread_join'
collect2: error: ld returned 1 exit status
make[1]: *** [CMakeFiles/cmTC_afbff.dir/build.make:87: cmTC_afbff] Errore 1
make[1]: uscita dalla directory «/home/giacomo/Scrivania/prototipo/cmake-build-debug/CMakeFiles/CMakeTmp»
make: *** [Makefile:121: cmTC_afbff/fast] Errore 2


Source file was:
#include <pthread.h>

void* test_func(void* data)
{
  return data;
}

int main(void)
{
  pthread_t thread;
  pthread_create(&thread, NULL, test_func, NULL);
  pthread_detach(thread);
  pthread_join(thread, NULL);
  pthread_atfork(NULL, NULL, NULL);
  pthread_exit(NULL);

  return 0;
}

Determining if the function pthread_create exists in the pthreads failed with the following output:
Change Dir: /home/giacomo/Scrivania/prototipo/cmake-build-debug/CMakeFiles/CMakeTmp

Run Build Command(s):/usr/bin/make cmTC_df8c7/fast && /usr/bin/make -f CMakeFiles/cmTC_df8c7.dir/build.make CMakeFiles/cmTC_df8c7.dir/build
make[1]: ingresso nella directory «/home/giacomo/Scrivania/prototipo/cmake-build-debug/CMakeFiles/CMakeTmp»
Building C object CMakeFiles/cmTC_df8c7.dir/CheckFunctionExists.c.o
/usr/bin/cc   -DCHECK_FUNCTION_EXISTS=pthread_create   -o CMakeFiles/cmTC_df8c7.dir/CheckFunctionExists.c.o   -c /home/giacomo/Scrivania/clion-2019.2.4/bin/cmake/linux/share/cmake-3.15/Modules/CheckFunctionExists.c
Linking C executable cmTC_df8c7
/home/giacomo/Scrivania/clion-2019.2.4/bin/cmake/linux/bin/cmake -E cmake_link_script CMakeFiles/cmTC_df8c7.dir/link.txt --verbose=1
/usr/bin/cc  -DCHECK_FUNCTION_EXISTS=pthread_create    CMakeFiles/cmTC_df8c7.dir/CheckFunctionExists.c.o  -o cmTC_df8c7 -lpthreads 
/usr/bin/ld: impossibile trovare -lpthreads
collect2: error: ld returned 1 exit status
make[1]: *** [CMakeFiles/cmTC_df8c7.dir/build.make:87: cmTC_df8c7] Errore 1
make[1]: uscita dalla directory «/home/giacomo/Scrivania/prototipo/cmake-build-debug/CMakeFiles/CMakeTmp»
make: *** [Makefile:121: cmTC_df8c7/fast] Errore 2



